[19-Jul-2025 03:52:30 Europe/Berlin] 2025-07-19 03:52:30 - Action: get_cart - Data: {"user_id":1}
[19-Jul-2025 03:52:30 Europe/Berlin] 2025-07-19 03:52:30 - Action: get_cart_success - Data: {"user_id":1,"items_count":2}
[19-Jul-2025 03:52:30 Europe/Berlin] 2025-07-19 03:52:30 - Action: get_cart - Data: {"user_id":1}
[19-Jul-2025 03:52:30 Europe/Berlin] 2025-07-19 03:52:30 - Action: get_cart_success - Data: {"user_id":1,"items_count":2}
[19-Jul-2025 03:52:30 Europe/Berlin] 2025-07-19 03:52:30 - Action: get_cart - Data: {"user_id":1}
[19-Jul-2025 03:52:30 Europe/Berlin] 2025-07-19 03:52:30 - Action: get_cart_success - Data: {"user_id":1,"items_count":2}
[19-Jul-2025 03:52:30 Europe/Berlin] 2025-07-19 03:52:30 - Action: get_recommended - Data: {"user_id":1}
[19-Jul-2025 03:52:30 Europe/Berlin] 2025-07-19 03:52:30 - Action: get_recommended_success - Data: {"items_count":9}
[19-Jul-2025 03:54:00 Europe/Berlin] 2025-07-19 03:54:00 - Action: get_cart - Data: {"user_id":1}
[19-Jul-2025 03:54:00 Europe/Berlin] 2025-07-19 03:54:00 - Action: get_cart_success - Data: {"user_id":1,"items_count":2}
[19-Jul-2025 03:54:00 Europe/Berlin] 2025-07-19 03:54:00 - Action: get_cart - Data: {"user_id":1}
[19-Jul-2025 03:54:00 Europe/Berlin] 2025-07-19 03:54:00 - Action: get_cart_success - Data: {"user_id":1,"items_count":2}
[19-Jul-2025 03:54:00 Europe/Berlin] 2025-07-19 03:54:00 - Action: get_cart - Data: {"user_id":1}
[19-Jul-2025 03:54:00 Europe/Berlin] 2025-07-19 03:54:00 - Action: get_cart_success - Data: {"user_id":1,"items_count":2}
[19-Jul-2025 03:54:07 Europe/Berlin] 2025-07-19 03:54:07 - Action: get_cart - Data: {"user_id":1}
[19-Jul-2025 03:54:07 Europe/Berlin] 2025-07-19 03:54:07 - Action: get_cart_success - Data: {"user_id":1,"items_count":2}
[19-Jul-2025 03:54:07 Europe/Berlin] 2025-07-19 03:54:07 - Action: get_cart - Data: {"user_id":1}
[19-Jul-2025 03:54:07 Europe/Berlin] 2025-07-19 03:54:07 - Action: get_cart_success - Data: {"user_id":1,"items_count":2}
[19-Jul-2025 03:54:14 Europe/Berlin] 2025-07-19 03:54:14 - Action: get_cart - Data: {"user_id":1}
[19-Jul-2025 03:54:14 Europe/Berlin] 2025-07-19 03:54:14 - Action: get_cart_success - Data: {"user_id":1,"items_count":2}
[19-Jul-2025 03:54:14 Europe/Berlin] 2025-07-19 03:54:14 - Action: get_cart - Data: {"user_id":1}
[19-Jul-2025 03:54:14 Europe/Berlin] 2025-07-19 03:54:14 - Action: get_cart_success - Data: {"user_id":1,"items_count":2}
[19-Jul-2025 03:54:14 Europe/Berlin] 2025-07-19 03:54:14 - Action: get_cart - Data: {"user_id":1}
[19-Jul-2025 03:54:14 Europe/Berlin] 2025-07-19 03:54:14 - Action: get_cart_success - Data: {"user_id":1,"items_count":2}
[19-Jul-2025 03:54:20 Europe/Berlin] 2025-07-19 03:54:20 - Action: get_cart - Data: {"user_id":1}
[19-Jul-2025 03:54:20 Europe/Berlin] 2025-07-19 03:54:20 - Action: get_cart_success - Data: {"user_id":1,"items_count":2}
[19-Jul-2025 03:54:22 Europe/Berlin] 2025-07-19 03:54:22 - Action: get_cart - Data: {"user_id":1}
[19-Jul-2025 03:54:22 Europe/Berlin] 2025-07-19 03:54:22 - Action: get_cart_success - Data: {"user_id":1,"items_count":2}
[19-Jul-2025 03:54:22 Europe/Berlin] 2025-07-19 03:54:22 - Action: get_cart - Data: {"user_id":1}
[19-Jul-2025 03:54:22 Europe/Berlin] 2025-07-19 03:54:22 - Action: get_cart_success - Data: {"user_id":1,"items_count":2}
[19-Jul-2025 03:54:22 Europe/Berlin] 2025-07-19 03:54:22 - Action: get_cart - Data: {"user_id":1}
[19-Jul-2025 03:54:22 Europe/Berlin] 2025-07-19 03:54:22 - Action: get_cart_success - Data: {"user_id":1,"items_count":2}
[19-Jul-2025 03:54:22 Europe/Berlin] 2025-07-19 03:54:22 - Action: get_cart - Data: {"user_id":1}
[19-Jul-2025 03:54:22 Europe/Berlin] 2025-07-19 03:54:22 - Action: get_cart_success - Data: {"user_id":1,"items_count":2}
[19-Jul-2025 03:56:05 Europe/Berlin] 2025-07-19 03:56:05 - Action: get_cart - Data: {"user_id":1}
[19-Jul-2025 03:56:05 Europe/Berlin] 2025-07-19 03:56:05 - Action: get_cart_success - Data: {"user_id":1,"items_count":2}
[19-Jul-2025 03:56:05 Europe/Berlin] 2025-07-19 03:56:05 - Action: get_cart - Data: {"user_id":1}
[19-Jul-2025 03:56:05 Europe/Berlin] 2025-07-19 03:56:05 - Action: get_cart_success - Data: {"user_id":1,"items_count":2}
[19-Jul-2025 03:56:05 Europe/Berlin] 2025-07-19 03:56:05 - Action: get_cart - Data: {"user_id":1}
[19-Jul-2025 03:56:05 Europe/Berlin] 2025-07-19 03:56:05 - Action: get_cart_success - Data: {"user_id":1,"items_count":2}
[19-Jul-2025 03:56:07 Europe/Berlin] 2025-07-19 03:56:07 - Action: get_cart - Data: {"user_id":1}
[19-Jul-2025 03:56:07 Europe/Berlin] 2025-07-19 03:56:07 - Action: get_cart_success - Data: {"user_id":1,"items_count":2}
[19-Jul-2025 03:56:15 Europe/Berlin] 2025-07-19 03:56:15 - Action: get_cart - Data: {"user_id":1}
[19-Jul-2025 03:56:15 Europe/Berlin] 2025-07-19 03:56:15 - Action: get_cart_success - Data: {"user_id":1,"items_count":2}
[19-Jul-2025 03:59:14 Europe/Berlin] 2025-07-19 03:59:14 - Action: get_cart - Data: {"user_id":1}
[19-Jul-2025 03:59:14 Europe/Berlin] 2025-07-19 03:59:14 - Action: get_cart_success - Data: {"user_id":1,"items_count":2}
[19-Jul-2025 03:59:56 Europe/Berlin] 2025-07-19 03:59:56 - Action: get_cart - Data: {"user_id":1}
[19-Jul-2025 03:59:56 Europe/Berlin] 2025-07-19 03:59:56 - Action: get_cart_success - Data: {"user_id":1,"items_count":2}
[19-Jul-2025 03:59:56 Europe/Berlin] 2025-07-19 03:59:56 - Action: get_cart - Data: {"user_id":1}
[19-Jul-2025 03:59:56 Europe/Berlin] 2025-07-19 03:59:56 - Action: get_cart_success - Data: {"user_id":1,"items_count":2}
[19-Jul-2025 04:00:05 Europe/Berlin] 2025-07-19 04:00:05 - Action: get_cart - Data: {"user_id":1}
[19-Jul-2025 04:00:05 Europe/Berlin] 2025-07-19 04:00:05 - Action: get_cart_success - Data: {"user_id":1,"items_count":2}
[19-Jul-2025 04:00:05 Europe/Berlin] 2025-07-19 04:00:05 - Action: get_cart - Data: {"user_id":1}
[19-Jul-2025 04:00:05 Europe/Berlin] 2025-07-19 04:00:05 - Action: get_cart_success - Data: {"user_id":1,"items_count":2}
[19-Jul-2025 04:07:38 Europe/Berlin] 2025-07-19 04:07:38 - Action: get_cart - Data: {"user_id":1}
[19-Jul-2025 04:07:38 Europe/Berlin] 2025-07-19 04:07:38 - Action: get_cart_success - Data: {"user_id":1,"items_count":2}
[19-Jul-2025 04:07:38 Europe/Berlin] 2025-07-19 04:07:38 - Action: get_cart - Data: {"user_id":1}
[19-Jul-2025 04:07:38 Europe/Berlin] 2025-07-19 04:07:38 - Action: get_cart_success - Data: {"user_id":1,"items_count":2}
[19-Jul-2025 04:07:40 Europe/Berlin] 2025-07-19 04:07:40 - Action: get_cart - Data: {"user_id":1}
[19-Jul-2025 04:07:40 Europe/Berlin] 2025-07-19 04:07:40 - Action: get_cart_success - Data: {"user_id":1,"items_count":2}
[19-Jul-2025 04:07:40 Europe/Berlin] 2025-07-19 04:07:40 - Action: get_cart - Data: {"user_id":1}
[19-Jul-2025 04:07:40 Europe/Berlin] 2025-07-19 04:07:40 - Action: get_cart_success - Data: {"user_id":1,"items_count":2}
[19-Jul-2025 04:07:44 Europe/Berlin] 2025-07-19 04:07:44 - Action: get_cart - Data: {"user_id":1}
[19-Jul-2025 04:07:44 Europe/Berlin] 2025-07-19 04:07:44 - Action: get_cart_success - Data: {"user_id":1,"items_count":2}
[19-Jul-2025 04:07:44 Europe/Berlin] 2025-07-19 04:07:44 - Action: get_cart - Data: {"user_id":1}
[19-Jul-2025 04:07:44 Europe/Berlin] 2025-07-19 04:07:44 - Action: get_cart_success - Data: {"user_id":1,"items_count":2}
[19-Jul-2025 04:15:34 Europe/Berlin] 2025-07-19 04:15:34 - Action: get_cart - Data: {"user_id":1}
[19-Jul-2025 04:15:34 Europe/Berlin] 2025-07-19 04:15:34 - Action: get_cart_success - Data: {"user_id":1,"items_count":2}
[19-Jul-2025 04:15:34 Europe/Berlin] 2025-07-19 04:15:34 - Action: get_cart - Data: {"user_id":1}
[19-Jul-2025 04:15:34 Europe/Berlin] 2025-07-19 04:15:34 - Action: get_cart_success - Data: {"user_id":1,"items_count":2}
[19-Jul-2025 04:15:41 Europe/Berlin] 2025-07-19 04:15:41 - Action: get_cart - Data: {"user_id":1}
[19-Jul-2025 04:15:41 Europe/Berlin] 2025-07-19 04:15:41 - Action: get_cart_success - Data: {"user_id":1,"items_count":2}
[19-Jul-2025 04:15:41 Europe/Berlin] 2025-07-19 04:15:41 - Action: get_cart - Data: {"user_id":1}
[19-Jul-2025 04:15:41 Europe/Berlin] 2025-07-19 04:15:41 - Action: get_cart_success - Data: {"user_id":1,"items_count":2}
[19-Jul-2025 04:17:25 Europe/Berlin] 2025-07-19 04:17:25 - Action: get_cart - Data: {"user_id":1}
[19-Jul-2025 04:17:25 Europe/Berlin] 2025-07-19 04:17:25 - Action: get_cart_success - Data: {"user_id":1,"items_count":2}
[19-Jul-2025 04:17:25 Europe/Berlin] 2025-07-19 04:17:25 - Action: get_cart - Data: {"user_id":1}
[19-Jul-2025 04:17:25 Europe/Berlin] 2025-07-19 04:17:25 - Action: get_cart_success - Data: {"user_id":1,"items_count":2}
[19-Jul-2025 04:17:33 Europe/Berlin] 2025-07-19 04:17:33 - Action: get_cart - Data: {"user_id":1}
[19-Jul-2025 04:17:33 Europe/Berlin] 2025-07-19 04:17:33 - Action: get_cart_success - Data: {"user_id":1,"items_count":2}
[19-Jul-2025 04:17:33 Europe/Berlin] 2025-07-19 04:17:33 - Action: get_cart - Data: {"user_id":1}
[19-Jul-2025 04:17:33 Europe/Berlin] 2025-07-19 04:17:33 - Action: get_cart_success - Data: {"user_id":1,"items_count":2}
[19-Jul-2025 04:20:30 Europe/Berlin] 2025-07-19 04:20:30 - Action: get_cart - Data: {"user_id":1}
[19-Jul-2025 04:20:30 Europe/Berlin] 2025-07-19 04:20:30 - Action: get_cart_success - Data: {"user_id":1,"items_count":2}
[19-Jul-2025 04:20:30 Europe/Berlin] 2025-07-19 04:20:30 - Action: get_cart - Data: {"user_id":1}
[19-Jul-2025 04:20:30 Europe/Berlin] 2025-07-19 04:20:30 - Action: get_cart_success - Data: {"user_id":1,"items_count":2}
[19-Jul-2025 04:23:42 Europe/Berlin] 2025-07-19 04:23:42 - Action: get_cart - Data: {"user_id":1}
[19-Jul-2025 04:23:42 Europe/Berlin] 2025-07-19 04:23:42 - Action: get_cart_success - Data: {"user_id":1,"items_count":2}
[19-Jul-2025 04:23:42 Europe/Berlin] 2025-07-19 04:23:42 - Action: get_cart - Data: {"user_id":1}
[19-Jul-2025 04:23:42 Europe/Berlin] 2025-07-19 04:23:42 - Action: get_cart_success - Data: {"user_id":1,"items_count":2}
[19-Jul-2025 04:23:54 Europe/Berlin] 2025-07-19 04:23:54 - Action: get_cart - Data: {"user_id":1}
[19-Jul-2025 04:23:54 Europe/Berlin] 2025-07-19 04:23:54 - Action: get_cart_success - Data: {"user_id":1,"items_count":2}
[19-Jul-2025 04:23:54 Europe/Berlin] 2025-07-19 04:23:54 - Action: get_cart - Data: {"user_id":1}
[19-Jul-2025 04:23:54 Europe/Berlin] 2025-07-19 04:23:54 - Action: get_cart_success - Data: {"user_id":1,"items_count":2}
[19-Jul-2025 04:23:56 Europe/Berlin] 2025-07-19 04:23:56 - Action: get_cart - Data: {"user_id":1}
[19-Jul-2025 04:23:56 Europe/Berlin] 2025-07-19 04:23:56 - Action: get_cart_success - Data: {"user_id":1,"items_count":2}
[19-Jul-2025 04:23:56 Europe/Berlin] 2025-07-19 04:23:56 - Action: get_cart - Data: {"user_id":1}
[19-Jul-2025 04:23:56 Europe/Berlin] 2025-07-19 04:23:56 - Action: get_cart_success - Data: {"user_id":1,"items_count":2}
[19-Jul-2025 04:23:59 Europe/Berlin] 2025-07-19 04:23:59 - Action: get_cart - Data: {"user_id":1}
[19-Jul-2025 04:23:59 Europe/Berlin] 2025-07-19 04:23:59 - Action: get_cart_success - Data: {"user_id":1,"items_count":2}
[19-Jul-2025 04:23:59 Europe/Berlin] 2025-07-19 04:23:59 - Action: get_cart - Data: {"user_id":1}
[19-Jul-2025 04:23:59 Europe/Berlin] 2025-07-19 04:23:59 - Action: get_cart_success - Data: {"user_id":1,"items_count":2}
[19-Jul-2025 04:58:16 Europe/Berlin] 2025-07-19 04:58:16 - Action: get_cart - Data: {"user_id":1}
[19-Jul-2025 04:58:16 Europe/Berlin] 2025-07-19 04:58:16 - Action: get_cart_success - Data: {"user_id":1,"items_count":2}
[19-Jul-2025 04:58:16 Europe/Berlin] 2025-07-19 04:58:16 - Action: get_cart - Data: {"user_id":1}
[19-Jul-2025 04:58:16 Europe/Berlin] 2025-07-19 04:58:16 - Action: get_cart_success - Data: {"user_id":1,"items_count":2}
[19-Jul-2025 04:58:20 Europe/Berlin] 2025-07-19 04:58:20 - Action: get_cart - Data: {"user_id":1}
[19-Jul-2025 04:58:20 Europe/Berlin] 2025-07-19 04:58:20 - Action: get_cart_success - Data: {"user_id":1,"items_count":2}
[19-Jul-2025 04:58:20 Europe/Berlin] 2025-07-19 04:58:20 - Action: get_cart - Data: {"user_id":1}
[19-Jul-2025 04:58:20 Europe/Berlin] 2025-07-19 04:58:20 - Action: get_cart_success - Data: {"user_id":1,"items_count":2}
[19-Jul-2025 04:58:22 Europe/Berlin] 2025-07-19 04:58:22 - Action: get_cart - Data: {"user_id":1}
[19-Jul-2025 04:58:22 Europe/Berlin] 2025-07-19 04:58:22 - Action: get_cart_success - Data: {"user_id":1,"items_count":2}
[19-Jul-2025 04:58:22 Europe/Berlin] 2025-07-19 04:58:22 - Action: get_cart - Data: {"user_id":1}
[19-Jul-2025 04:58:22 Europe/Berlin] 2025-07-19 04:58:22 - Action: get_cart_success - Data: {"user_id":1,"items_count":2}
[19-Jul-2025 04:58:46 Europe/Berlin] 2025-07-19 04:58:46 - Action: get_cart - Data: {"user_id":1}
[19-Jul-2025 04:58:46 Europe/Berlin] 2025-07-19 04:58:46 - Action: get_cart_success - Data: {"user_id":1,"items_count":2}
[19-Jul-2025 04:58:46 Europe/Berlin] 2025-07-19 04:58:46 - Action: get_cart - Data: {"user_id":1}
[19-Jul-2025 04:58:46 Europe/Berlin] 2025-07-19 04:58:46 - Action: get_cart_success - Data: {"user_id":1,"items_count":2}
[19-Jul-2025 04:59:56 Europe/Berlin] 2025-07-19 04:59:56 - Action: get_cart - Data: {"user_id":1}
[19-Jul-2025 04:59:56 Europe/Berlin] 2025-07-19 04:59:56 - Action: get_cart_success - Data: {"user_id":1,"items_count":2}
[19-Jul-2025 04:59:56 Europe/Berlin] 2025-07-19 04:59:56 - Action: get_cart - Data: {"user_id":1}
[19-Jul-2025 04:59:56 Europe/Berlin] 2025-07-19 04:59:56 - Action: get_cart_success - Data: {"user_id":1,"items_count":2}
[19-Jul-2025 04:59:57 Europe/Berlin] 2025-07-19 04:59:57 - Action: get_cart - Data: {"user_id":1}
[19-Jul-2025 04:59:57 Europe/Berlin] 2025-07-19 04:59:57 - Action: get_cart_success - Data: {"user_id":1,"items_count":2}
[19-Jul-2025 04:59:57 Europe/Berlin] 2025-07-19 04:59:57 - Action: get_cart - Data: {"user_id":1}
[19-Jul-2025 04:59:57 Europe/Berlin] 2025-07-19 04:59:57 - Action: get_cart_success - Data: {"user_id":1,"items_count":2}
[19-Jul-2025 05:08:38 Europe/Berlin] 2025-07-19 05:08:38 - Action: get_cart - Data: {"user_id":null}
[19-Jul-2025 05:08:38 Europe/Berlin] 2025-07-19 05:08:38 - Action: get_cart_success - Data: {"guest":true,"items_count":0}
[19-Jul-2025 05:08:38 Europe/Berlin] 2025-07-19 05:08:38 - Action: get_cart - Data: {"user_id":null}
[19-Jul-2025 05:08:38 Europe/Berlin] 2025-07-19 05:08:38 - Action: get_cart_success - Data: {"guest":true,"items_count":0}
[19-Jul-2025 05:08:43 Europe/Berlin] 2025-07-19 05:08:43 - Action: get_cart - Data: {"user_id":null}
[19-Jul-2025 05:08:43 Europe/Berlin] 2025-07-19 05:08:43 - Action: get_cart_success - Data: {"guest":true,"items_count":0}
[19-Jul-2025 05:08:43 Europe/Berlin] 2025-07-19 05:08:43 - Action: get_cart - Data: {"user_id":null}
[19-Jul-2025 05:08:43 Europe/Berlin] 2025-07-19 05:08:43 - Action: get_cart_success - Data: {"guest":true,"items_count":0}
[19-Jul-2025 05:08:48 Europe/Berlin] 2025-07-19 05:08:48 - Action: get_cart - Data: {"user_id":null}
[19-Jul-2025 05:08:48 Europe/Berlin] 2025-07-19 05:08:48 - Action: get_cart_success - Data: {"guest":true,"items_count":0}
[19-Jul-2025 05:08:48 Europe/Berlin] 2025-07-19 05:08:48 - Action: get_cart - Data: {"user_id":null}
[19-Jul-2025 05:08:48 Europe/Berlin] 2025-07-19 05:08:48 - Action: get_cart_success - Data: {"guest":true,"items_count":0}
[19-Jul-2025 05:08:54 Europe/Berlin] 2025-07-19 05:08:54 - Action: get_cart - Data: {"user_id":null}
[19-Jul-2025 05:08:54 Europe/Berlin] 2025-07-19 05:08:54 - Action: get_cart_success - Data: {"guest":true,"items_count":0}
[19-Jul-2025 05:08:54 Europe/Berlin] 2025-07-19 05:08:54 - Action: get_cart - Data: {"user_id":null}
[19-Jul-2025 05:08:54 Europe/Berlin] 2025-07-19 05:08:54 - Action: get_cart_success - Data: {"guest":true,"items_count":0}
[19-Jul-2025 05:08:54 Europe/Berlin] 2025-07-19 05:08:54 - Action: get_cart - Data: {"user_id":null}
[19-Jul-2025 05:08:54 Europe/Berlin] 2025-07-19 05:08:54 - Action: get_cart_success - Data: {"guest":true,"items_count":0}
[19-Jul-2025 05:08:59 Europe/Berlin] 2025-07-19 05:08:59 - Action: get_cart - Data: {"user_id":null}
[19-Jul-2025 05:08:59 Europe/Berlin] PHP Warning:  Undefined array key "id" in C:\xampp\htdocs\_The_Egyptian_Creativity\cart.php on line 120
[19-Jul-2025 05:08:59 Europe/Berlin] PHP Warning:  Undefined array key "added_at" in C:\xampp\htdocs\_The_Egyptian_Creativity\cart.php on line 128
[19-Jul-2025 05:08:59 Europe/Berlin] 2025-07-19 05:08:59 - Action: get_cart_success - Data: {"guest":true,"items_count":1}
[19-Jul-2025 05:08:59 Europe/Berlin] 2025-07-19 05:08:59 - Action: get_cart - Data: {"user_id":null}
[19-Jul-2025 05:08:59 Europe/Berlin] PHP Warning:  Undefined array key "id" in C:\xampp\htdocs\_The_Egyptian_Creativity\cart.php on line 120
[19-Jul-2025 05:08:59 Europe/Berlin] PHP Warning:  Undefined array key "added_at" in C:\xampp\htdocs\_The_Egyptian_Creativity\cart.php on line 128
[19-Jul-2025 05:08:59 Europe/Berlin] 2025-07-19 05:08:59 - Action: get_cart_success - Data: {"guest":true,"items_count":1}
[19-Jul-2025 05:08:59 Europe/Berlin] 2025-07-19 05:08:59 - Action: get_cart - Data: {"user_id":null}
[19-Jul-2025 05:08:59 Europe/Berlin] PHP Warning:  Undefined array key "id" in C:\xampp\htdocs\_The_Egyptian_Creativity\cart.php on line 120
[19-Jul-2025 05:08:59 Europe/Berlin] PHP Warning:  Undefined array key "added_at" in C:\xampp\htdocs\_The_Egyptian_Creativity\cart.php on line 128
[19-Jul-2025 05:08:59 Europe/Berlin] 2025-07-19 05:08:59 - Action: get_cart_success - Data: {"guest":true,"items_count":1}
[19-Jul-2025 05:09:00 Europe/Berlin] 2025-07-19 05:09:00 - Action: get_cart - Data: {"user_id":null}
[19-Jul-2025 05:09:00 Europe/Berlin] PHP Warning:  Undefined array key "id" in C:\xampp\htdocs\_The_Egyptian_Creativity\cart.php on line 120
[19-Jul-2025 05:09:00 Europe/Berlin] PHP Warning:  Undefined array key "added_at" in C:\xampp\htdocs\_The_Egyptian_Creativity\cart.php on line 128
[19-Jul-2025 05:09:00 Europe/Berlin] 2025-07-19 05:09:00 - Action: get_cart_success - Data: {"guest":true,"items_count":1}
[19-Jul-2025 05:09:00 Europe/Berlin] 2025-07-19 05:09:00 - Action: get_cart - Data: {"user_id":null}
[19-Jul-2025 05:09:00 Europe/Berlin] PHP Warning:  Undefined array key "id" in C:\xampp\htdocs\_The_Egyptian_Creativity\cart.php on line 120
[19-Jul-2025 05:09:00 Europe/Berlin] PHP Warning:  Undefined array key "added_at" in C:\xampp\htdocs\_The_Egyptian_Creativity\cart.php on line 128
[19-Jul-2025 05:09:00 Europe/Berlin] 2025-07-19 05:09:00 - Action: get_cart_success - Data: {"guest":true,"items_count":1}
[19-Jul-2025 05:09:01 Europe/Berlin] 2025-07-19 05:09:01 - Action: get_cart - Data: {"user_id":null}
[19-Jul-2025 05:09:01 Europe/Berlin] PHP Warning:  Undefined array key "id" in C:\xampp\htdocs\_The_Egyptian_Creativity\cart.php on line 120
[19-Jul-2025 05:09:01 Europe/Berlin] PHP Warning:  Undefined array key "added_at" in C:\xampp\htdocs\_The_Egyptian_Creativity\cart.php on line 128
[19-Jul-2025 05:09:01 Europe/Berlin] 2025-07-19 05:09:01 - Action: get_cart_success - Data: {"guest":true,"items_count":1}
[19-Jul-2025 05:09:06 Europe/Berlin] 2025-07-19 05:09:06 - Action: get_cart - Data: {"user_id":null}
[19-Jul-2025 05:09:06 Europe/Berlin] PHP Warning:  Undefined array key "id" in C:\xampp\htdocs\_The_Egyptian_Creativity\cart.php on line 120
[19-Jul-2025 05:09:06 Europe/Berlin] PHP Warning:  Undefined array key "added_at" in C:\xampp\htdocs\_The_Egyptian_Creativity\cart.php on line 128
[19-Jul-2025 05:09:06 Europe/Berlin] PHP Warning:  Undefined array key "id" in C:\xampp\htdocs\_The_Egyptian_Creativity\cart.php on line 120
[19-Jul-2025 05:09:06 Europe/Berlin] PHP Warning:  Undefined array key "added_at" in C:\xampp\htdocs\_The_Egyptian_Creativity\cart.php on line 128
[19-Jul-2025 05:09:06 Europe/Berlin] 2025-07-19 05:09:06 - Action: get_cart_success - Data: {"guest":true,"items_count":2}
[19-Jul-2025 05:09:06 Europe/Berlin] 2025-07-19 05:09:06 - Action: get_cart - Data: {"user_id":null}
[19-Jul-2025 05:09:06 Europe/Berlin] PHP Warning:  Undefined array key "id" in C:\xampp\htdocs\_The_Egyptian_Creativity\cart.php on line 120
[19-Jul-2025 05:09:06 Europe/Berlin] PHP Warning:  Undefined array key "added_at" in C:\xampp\htdocs\_The_Egyptian_Creativity\cart.php on line 128
[19-Jul-2025 05:09:06 Europe/Berlin] PHP Warning:  Undefined array key "id" in C:\xampp\htdocs\_The_Egyptian_Creativity\cart.php on line 120
[19-Jul-2025 05:09:06 Europe/Berlin] PHP Warning:  Undefined array key "added_at" in C:\xampp\htdocs\_The_Egyptian_Creativity\cart.php on line 128
[19-Jul-2025 05:09:06 Europe/Berlin] 2025-07-19 05:09:06 - Action: get_cart_success - Data: {"guest":true,"items_count":2}
[19-Jul-2025 05:09:06 Europe/Berlin] 2025-07-19 05:09:06 - Action: get_cart - Data: {"user_id":null}
[19-Jul-2025 05:09:06 Europe/Berlin] PHP Warning:  Undefined array key "id" in C:\xampp\htdocs\_The_Egyptian_Creativity\cart.php on line 120
[19-Jul-2025 05:09:06 Europe/Berlin] PHP Warning:  Undefined array key "added_at" in C:\xampp\htdocs\_The_Egyptian_Creativity\cart.php on line 128
[19-Jul-2025 05:09:06 Europe/Berlin] PHP Warning:  Undefined array key "id" in C:\xampp\htdocs\_The_Egyptian_Creativity\cart.php on line 120
[19-Jul-2025 05:09:06 Europe/Berlin] PHP Warning:  Undefined array key "added_at" in C:\xampp\htdocs\_The_Egyptian_Creativity\cart.php on line 128
[19-Jul-2025 05:09:06 Europe/Berlin] 2025-07-19 05:09:06 - Action: get_cart_success - Data: {"guest":true,"items_count":2}
[19-Jul-2025 05:09:08 Europe/Berlin] 2025-07-19 05:09:08 - Action: get_cart - Data: {"user_id":null}
[19-Jul-2025 05:09:08 Europe/Berlin] PHP Warning:  Undefined array key "id" in C:\xampp\htdocs\_The_Egyptian_Creativity\cart.php on line 120
[19-Jul-2025 05:09:08 Europe/Berlin] PHP Warning:  Undefined array key "added_at" in C:\xampp\htdocs\_The_Egyptian_Creativity\cart.php on line 128
[19-Jul-2025 05:09:08 Europe/Berlin] PHP Warning:  Undefined array key "id" in C:\xampp\htdocs\_The_Egyptian_Creativity\cart.php on line 120
[19-Jul-2025 05:09:08 Europe/Berlin] PHP Warning:  Undefined array key "added_at" in C:\xampp\htdocs\_The_Egyptian_Creativity\cart.php on line 128
[19-Jul-2025 05:09:08 Europe/Berlin] 2025-07-19 05:09:08 - Action: get_cart_success - Data: {"guest":true,"items_count":2}
[19-Jul-2025 05:09:08 Europe/Berlin] 2025-07-19 05:09:08 - Action: get_cart - Data: {"user_id":null}
[19-Jul-2025 05:09:08 Europe/Berlin] PHP Warning:  Undefined array key "id" in C:\xampp\htdocs\_The_Egyptian_Creativity\cart.php on line 120
[19-Jul-2025 05:09:08 Europe/Berlin] PHP Warning:  Undefined array key "added_at" in C:\xampp\htdocs\_The_Egyptian_Creativity\cart.php on line 128
[19-Jul-2025 05:09:08 Europe/Berlin] PHP Warning:  Undefined array key "id" in C:\xampp\htdocs\_The_Egyptian_Creativity\cart.php on line 120
[19-Jul-2025 05:09:08 Europe/Berlin] PHP Warning:  Undefined array key "added_at" in C:\xampp\htdocs\_The_Egyptian_Creativity\cart.php on line 128
[19-Jul-2025 05:09:08 Europe/Berlin] 2025-07-19 05:09:08 - Action: get_cart_success - Data: {"guest":true,"items_count":2}
[19-Jul-2025 05:09:10 Europe/Berlin] 2025-07-19 05:09:10 - Action: get_cart - Data: {"user_id":null}
[19-Jul-2025 05:09:10 Europe/Berlin] PHP Warning:  Undefined array key "id" in C:\xampp\htdocs\_The_Egyptian_Creativity\cart.php on line 120
[19-Jul-2025 05:09:10 Europe/Berlin] PHP Warning:  Undefined array key "added_at" in C:\xampp\htdocs\_The_Egyptian_Creativity\cart.php on line 128
[19-Jul-2025 05:09:10 Europe/Berlin] PHP Warning:  Undefined array key "id" in C:\xampp\htdocs\_The_Egyptian_Creativity\cart.php on line 120
[19-Jul-2025 05:09:10 Europe/Berlin] PHP Warning:  Undefined array key "added_at" in C:\xampp\htdocs\_The_Egyptian_Creativity\cart.php on line 128
[19-Jul-2025 05:09:10 Europe/Berlin] 2025-07-19 05:09:10 - Action: get_cart_success - Data: {"guest":true,"items_count":2}
[19-Jul-2025 05:09:10 Europe/Berlin] 2025-07-19 05:09:10 - Action: get_cart - Data: {"user_id":null}
[19-Jul-2025 05:09:10 Europe/Berlin] PHP Warning:  Undefined array key "id" in C:\xampp\htdocs\_The_Egyptian_Creativity\cart.php on line 120
[19-Jul-2025 05:09:10 Europe/Berlin] PHP Warning:  Undefined array key "added_at" in C:\xampp\htdocs\_The_Egyptian_Creativity\cart.php on line 128
[19-Jul-2025 05:09:10 Europe/Berlin] PHP Warning:  Undefined array key "id" in C:\xampp\htdocs\_The_Egyptian_Creativity\cart.php on line 120
[19-Jul-2025 05:09:10 Europe/Berlin] PHP Warning:  Undefined array key "added_at" in C:\xampp\htdocs\_The_Egyptian_Creativity\cart.php on line 128
[19-Jul-2025 05:09:10 Europe/Berlin] 2025-07-19 05:09:10 - Action: get_cart_success - Data: {"guest":true,"items_count":2}
[19-Jul-2025 05:09:36 Europe/Berlin] 2025-07-19 05:09:36 - Action: get_cart - Data: {"user_id":null}
[19-Jul-2025 05:09:36 Europe/Berlin] PHP Warning:  Undefined array key "id" in C:\xampp\htdocs\_The_Egyptian_Creativity\cart.php on line 120
[19-Jul-2025 05:09:36 Europe/Berlin] PHP Warning:  Undefined array key "added_at" in C:\xampp\htdocs\_The_Egyptian_Creativity\cart.php on line 128
[19-Jul-2025 05:09:36 Europe/Berlin] PHP Warning:  Undefined array key "id" in C:\xampp\htdocs\_The_Egyptian_Creativity\cart.php on line 120
[19-Jul-2025 05:09:36 Europe/Berlin] PHP Warning:  Undefined array key "added_at" in C:\xampp\htdocs\_The_Egyptian_Creativity\cart.php on line 128
[19-Jul-2025 05:09:36 Europe/Berlin] 2025-07-19 05:09:36 - Action: get_cart_success - Data: {"guest":true,"items_count":2}
[19-Jul-2025 05:09:36 Europe/Berlin] 2025-07-19 05:09:36 - Action: get_cart - Data: {"user_id":null}
[19-Jul-2025 05:09:36 Europe/Berlin] PHP Warning:  Undefined array key "id" in C:\xampp\htdocs\_The_Egyptian_Creativity\cart.php on line 120
[19-Jul-2025 05:09:36 Europe/Berlin] PHP Warning:  Undefined array key "added_at" in C:\xampp\htdocs\_The_Egyptian_Creativity\cart.php on line 128
[19-Jul-2025 05:09:36 Europe/Berlin] PHP Warning:  Undefined array key "id" in C:\xampp\htdocs\_The_Egyptian_Creativity\cart.php on line 120
[19-Jul-2025 05:09:36 Europe/Berlin] PHP Warning:  Undefined array key "added_at" in C:\xampp\htdocs\_The_Egyptian_Creativity\cart.php on line 128
[19-Jul-2025 05:09:36 Europe/Berlin] 2025-07-19 05:09:36 - Action: get_cart_success - Data: {"guest":true,"items_count":2}
[19-Jul-2025 05:09:38 Europe/Berlin] 2025-07-19 05:09:38 - Action: get_cart - Data: {"user_id":null}
[19-Jul-2025 05:09:38 Europe/Berlin] PHP Warning:  Undefined array key "id" in C:\xampp\htdocs\_The_Egyptian_Creativity\cart.php on line 120
[19-Jul-2025 05:09:38 Europe/Berlin] PHP Warning:  Undefined array key "added_at" in C:\xampp\htdocs\_The_Egyptian_Creativity\cart.php on line 128
[19-Jul-2025 05:09:38 Europe/Berlin] PHP Warning:  Undefined array key "id" in C:\xampp\htdocs\_The_Egyptian_Creativity\cart.php on line 120
[19-Jul-2025 05:09:38 Europe/Berlin] PHP Warning:  Undefined array key "added_at" in C:\xampp\htdocs\_The_Egyptian_Creativity\cart.php on line 128
[19-Jul-2025 05:09:38 Europe/Berlin] 2025-07-19 05:09:38 - Action: get_cart_success - Data: {"guest":true,"items_count":2}
[19-Jul-2025 05:09:38 Europe/Berlin] 2025-07-19 05:09:38 - Action: get_cart - Data: {"user_id":null}
[19-Jul-2025 05:09:38 Europe/Berlin] PHP Warning:  Undefined array key "id" in C:\xampp\htdocs\_The_Egyptian_Creativity\cart.php on line 120
[19-Jul-2025 05:09:38 Europe/Berlin] PHP Warning:  Undefined array key "added_at" in C:\xampp\htdocs\_The_Egyptian_Creativity\cart.php on line 128
[19-Jul-2025 05:09:38 Europe/Berlin] PHP Warning:  Undefined array key "id" in C:\xampp\htdocs\_The_Egyptian_Creativity\cart.php on line 120
[19-Jul-2025 05:09:38 Europe/Berlin] PHP Warning:  Undefined array key "added_at" in C:\xampp\htdocs\_The_Egyptian_Creativity\cart.php on line 128
[19-Jul-2025 05:09:38 Europe/Berlin] 2025-07-19 05:09:38 - Action: get_cart_success - Data: {"guest":true,"items_count":2}
[19-Jul-2025 05:09:43 Europe/Berlin] 2025-07-19 05:09:43 - Action: get_cart - Data: {"user_id":null}
[19-Jul-2025 05:09:43 Europe/Berlin] PHP Warning:  Undefined array key "id" in C:\xampp\htdocs\_The_Egyptian_Creativity\cart.php on line 120
[19-Jul-2025 05:09:43 Europe/Berlin] PHP Warning:  Undefined array key "added_at" in C:\xampp\htdocs\_The_Egyptian_Creativity\cart.php on line 128
[19-Jul-2025 05:09:43 Europe/Berlin] PHP Warning:  Undefined array key "id" in C:\xampp\htdocs\_The_Egyptian_Creativity\cart.php on line 120
[19-Jul-2025 05:09:43 Europe/Berlin] PHP Warning:  Undefined array key "added_at" in C:\xampp\htdocs\_The_Egyptian_Creativity\cart.php on line 128
[19-Jul-2025 05:09:43 Europe/Berlin] 2025-07-19 05:09:43 - Action: get_cart_success - Data: {"guest":true,"items_count":2}
[19-Jul-2025 05:09:43 Europe/Berlin] 2025-07-19 05:09:43 - Action: get_cart - Data: {"user_id":null}
[19-Jul-2025 05:09:43 Europe/Berlin] PHP Warning:  Undefined array key "id" in C:\xampp\htdocs\_The_Egyptian_Creativity\cart.php on line 120
[19-Jul-2025 05:09:43 Europe/Berlin] PHP Warning:  Undefined array key "added_at" in C:\xampp\htdocs\_The_Egyptian_Creativity\cart.php on line 128
[19-Jul-2025 05:09:43 Europe/Berlin] PHP Warning:  Undefined array key "id" in C:\xampp\htdocs\_The_Egyptian_Creativity\cart.php on line 120
[19-Jul-2025 05:09:43 Europe/Berlin] PHP Warning:  Undefined array key "added_at" in C:\xampp\htdocs\_The_Egyptian_Creativity\cart.php on line 128
[19-Jul-2025 05:09:43 Europe/Berlin] 2025-07-19 05:09:43 - Action: get_cart_success - Data: {"guest":true,"items_count":2}
[19-Jul-2025 05:09:43 Europe/Berlin] 2025-07-19 05:09:43 - Action: get_cart - Data: {"user_id":null}
[19-Jul-2025 05:09:43 Europe/Berlin] PHP Warning:  Undefined array key "id" in C:\xampp\htdocs\_The_Egyptian_Creativity\cart.php on line 120
[19-Jul-2025 05:09:43 Europe/Berlin] PHP Warning:  Undefined array key "added_at" in C:\xampp\htdocs\_The_Egyptian_Creativity\cart.php on line 128
[19-Jul-2025 05:09:43 Europe/Berlin] PHP Warning:  Undefined array key "id" in C:\xampp\htdocs\_The_Egyptian_Creativity\cart.php on line 120
[19-Jul-2025 05:09:43 Europe/Berlin] PHP Warning:  Undefined array key "added_at" in C:\xampp\htdocs\_The_Egyptian_Creativity\cart.php on line 128
[19-Jul-2025 05:09:43 Europe/Berlin] 2025-07-19 05:09:43 - Action: get_cart_success - Data: {"guest":true,"items_count":2}
[19-Jul-2025 05:09:43 Europe/Berlin] 2025-07-19 05:09:43 - Action: get_recommended - Data: {"user_id":null}
[19-Jul-2025 05:09:43 Europe/Berlin] 2025-07-19 05:09:43 - Action: get_recommended_success - Data: {"items_count":9}
[19-Jul-2025 05:09:46 Europe/Berlin] 2025-07-19 05:09:46 - Action: get_cart - Data: {"user_id":null}
[19-Jul-2025 05:09:46 Europe/Berlin] PHP Warning:  Undefined array key "id" in C:\xampp\htdocs\_The_Egyptian_Creativity\cart.php on line 120
[19-Jul-2025 05:09:46 Europe/Berlin] PHP Warning:  Undefined array key "added_at" in C:\xampp\htdocs\_The_Egyptian_Creativity\cart.php on line 128
[19-Jul-2025 05:09:46 Europe/Berlin] PHP Warning:  Undefined array key "id" in C:\xampp\htdocs\_The_Egyptian_Creativity\cart.php on line 120
[19-Jul-2025 05:09:46 Europe/Berlin] PHP Warning:  Undefined array key "added_at" in C:\xampp\htdocs\_The_Egyptian_Creativity\cart.php on line 128
[19-Jul-2025 05:09:46 Europe/Berlin] 2025-07-19 05:09:46 - Action: get_cart_success - Data: {"guest":true,"items_count":2}
[19-Jul-2025 05:09:46 Europe/Berlin] 2025-07-19 05:09:46 - Action: get_cart - Data: {"user_id":null}
[19-Jul-2025 05:09:46 Europe/Berlin] PHP Warning:  Undefined array key "id" in C:\xampp\htdocs\_The_Egyptian_Creativity\cart.php on line 120
[19-Jul-2025 05:09:46 Europe/Berlin] PHP Warning:  Undefined array key "added_at" in C:\xampp\htdocs\_The_Egyptian_Creativity\cart.php on line 128
[19-Jul-2025 05:09:46 Europe/Berlin] PHP Warning:  Undefined array key "id" in C:\xampp\htdocs\_The_Egyptian_Creativity\cart.php on line 120
[19-Jul-2025 05:09:46 Europe/Berlin] PHP Warning:  Undefined array key "added_at" in C:\xampp\htdocs\_The_Egyptian_Creativity\cart.php on line 128
[19-Jul-2025 05:09:46 Europe/Berlin] 2025-07-19 05:09:46 - Action: get_cart_success - Data: {"guest":true,"items_count":2}
[19-Jul-2025 05:09:53 Europe/Berlin] 2025-07-19 05:09:53 - Action: get_cart - Data: {"user_id":null}
[19-Jul-2025 05:09:53 Europe/Berlin] PHP Warning:  Undefined array key "id" in C:\xampp\htdocs\_The_Egyptian_Creativity\cart.php on line 120
[19-Jul-2025 05:09:53 Europe/Berlin] PHP Warning:  Undefined array key "added_at" in C:\xampp\htdocs\_The_Egyptian_Creativity\cart.php on line 128
[19-Jul-2025 05:09:53 Europe/Berlin] PHP Warning:  Undefined array key "id" in C:\xampp\htdocs\_The_Egyptian_Creativity\cart.php on line 120
[19-Jul-2025 05:09:53 Europe/Berlin] PHP Warning:  Undefined array key "added_at" in C:\xampp\htdocs\_The_Egyptian_Creativity\cart.php on line 128
[19-Jul-2025 05:09:53 Europe/Berlin] 2025-07-19 05:09:53 - Action: get_cart_success - Data: {"guest":true,"items_count":2}
[19-Jul-2025 05:09:53 Europe/Berlin] 2025-07-19 05:09:53 - Action: get_cart - Data: {"user_id":null}
[19-Jul-2025 05:09:53 Europe/Berlin] PHP Warning:  Undefined array key "id" in C:\xampp\htdocs\_The_Egyptian_Creativity\cart.php on line 120
[19-Jul-2025 05:09:53 Europe/Berlin] PHP Warning:  Undefined array key "added_at" in C:\xampp\htdocs\_The_Egyptian_Creativity\cart.php on line 128
[19-Jul-2025 05:09:53 Europe/Berlin] PHP Warning:  Undefined array key "id" in C:\xampp\htdocs\_The_Egyptian_Creativity\cart.php on line 120
[19-Jul-2025 05:09:53 Europe/Berlin] PHP Warning:  Undefined array key "added_at" in C:\xampp\htdocs\_The_Egyptian_Creativity\cart.php on line 128
[19-Jul-2025 05:09:53 Europe/Berlin] 2025-07-19 05:09:53 - Action: get_cart_success - Data: {"guest":true,"items_count":2}
[19-Jul-2025 05:09:53 Europe/Berlin] 2025-07-19 05:09:53 - Action: get_cart - Data: {"user_id":null}
[19-Jul-2025 05:09:53 Europe/Berlin] PHP Warning:  Undefined array key "id" in C:\xampp\htdocs\_The_Egyptian_Creativity\cart.php on line 120
[19-Jul-2025 05:09:53 Europe/Berlin] PHP Warning:  Undefined array key "added_at" in C:\xampp\htdocs\_The_Egyptian_Creativity\cart.php on line 128
[19-Jul-2025 05:09:53 Europe/Berlin] PHP Warning:  Undefined array key "id" in C:\xampp\htdocs\_The_Egyptian_Creativity\cart.php on line 120
[19-Jul-2025 05:09:53 Europe/Berlin] PHP Warning:  Undefined array key "added_at" in C:\xampp\htdocs\_The_Egyptian_Creativity\cart.php on line 128
[19-Jul-2025 05:09:53 Europe/Berlin] 2025-07-19 05:09:53 - Action: get_cart_success - Data: {"guest":true,"items_count":2}
[19-Jul-2025 05:09:55 Europe/Berlin] 2025-07-19 05:09:55 - Action: get_cart - Data: {"user_id":null}
[19-Jul-2025 05:09:55 Europe/Berlin] PHP Warning:  Undefined array key "id" in C:\xampp\htdocs\_The_Egyptian_Creativity\cart.php on line 120
[19-Jul-2025 05:09:55 Europe/Berlin] PHP Warning:  Undefined array key "added_at" in C:\xampp\htdocs\_The_Egyptian_Creativity\cart.php on line 128
[19-Jul-2025 05:09:55 Europe/Berlin] PHP Warning:  Undefined array key "id" in C:\xampp\htdocs\_The_Egyptian_Creativity\cart.php on line 120
[19-Jul-2025 05:09:55 Europe/Berlin] PHP Warning:  Undefined array key "added_at" in C:\xampp\htdocs\_The_Egyptian_Creativity\cart.php on line 128
[19-Jul-2025 05:09:55 Europe/Berlin] 2025-07-19 05:09:55 - Action: get_cart_success - Data: {"guest":true,"items_count":2}
[19-Jul-2025 05:09:57 Europe/Berlin] 2025-07-19 05:09:57 - Action: get_cart - Data: {"user_id":null}
[19-Jul-2025 05:09:57 Europe/Berlin] PHP Warning:  Undefined array key "id" in C:\xampp\htdocs\_The_Egyptian_Creativity\cart.php on line 120
[19-Jul-2025 05:09:57 Europe/Berlin] PHP Warning:  Undefined array key "added_at" in C:\xampp\htdocs\_The_Egyptian_Creativity\cart.php on line 128
[19-Jul-2025 05:09:57 Europe/Berlin] PHP Warning:  Undefined array key "id" in C:\xampp\htdocs\_The_Egyptian_Creativity\cart.php on line 120
[19-Jul-2025 05:09:57 Europe/Berlin] PHP Warning:  Undefined array key "added_at" in C:\xampp\htdocs\_The_Egyptian_Creativity\cart.php on line 128
[19-Jul-2025 05:09:57 Europe/Berlin] 2025-07-19 05:09:57 - Action: get_cart_success - Data: {"guest":true,"items_count":2}
[19-Jul-2025 05:09:57 Europe/Berlin] 2025-07-19 05:09:57 - Action: get_cart - Data: {"user_id":null}
[19-Jul-2025 05:09:57 Europe/Berlin] PHP Warning:  Undefined array key "id" in C:\xampp\htdocs\_The_Egyptian_Creativity\cart.php on line 120
[19-Jul-2025 05:09:57 Europe/Berlin] PHP Warning:  Undefined array key "added_at" in C:\xampp\htdocs\_The_Egyptian_Creativity\cart.php on line 128
[19-Jul-2025 05:09:57 Europe/Berlin] PHP Warning:  Undefined array key "id" in C:\xampp\htdocs\_The_Egyptian_Creativity\cart.php on line 120
[19-Jul-2025 05:09:57 Europe/Berlin] PHP Warning:  Undefined array key "added_at" in C:\xampp\htdocs\_The_Egyptian_Creativity\cart.php on line 128
[19-Jul-2025 05:09:57 Europe/Berlin] 2025-07-19 05:09:57 - Action: get_cart_success - Data: {"guest":true,"items_count":2}
[19-Jul-2025 05:09:57 Europe/Berlin] 2025-07-19 05:09:57 - Action: get_cart - Data: {"user_id":null}
[19-Jul-2025 05:09:57 Europe/Berlin] PHP Warning:  Undefined array key "id" in C:\xampp\htdocs\_The_Egyptian_Creativity\cart.php on line 120
[19-Jul-2025 05:09:57 Europe/Berlin] PHP Warning:  Undefined array key "added_at" in C:\xampp\htdocs\_The_Egyptian_Creativity\cart.php on line 128
[19-Jul-2025 05:09:57 Europe/Berlin] PHP Warning:  Undefined array key "id" in C:\xampp\htdocs\_The_Egyptian_Creativity\cart.php on line 120
[19-Jul-2025 05:09:57 Europe/Berlin] PHP Warning:  Undefined array key "added_at" in C:\xampp\htdocs\_The_Egyptian_Creativity\cart.php on line 128
[19-Jul-2025 05:09:57 Europe/Berlin] 2025-07-19 05:09:57 - Action: get_cart_success - Data: {"guest":true,"items_count":2}
[19-Jul-2025 05:09:57 Europe/Berlin] 2025-07-19 05:09:57 - Action: get_cart - Data: {"user_id":null}
[19-Jul-2025 05:09:57 Europe/Berlin] PHP Warning:  Undefined array key "id" in C:\xampp\htdocs\_The_Egyptian_Creativity\cart.php on line 120
[19-Jul-2025 05:09:57 Europe/Berlin] PHP Warning:  Undefined array key "added_at" in C:\xampp\htdocs\_The_Egyptian_Creativity\cart.php on line 128
[19-Jul-2025 05:09:57 Europe/Berlin] PHP Warning:  Undefined array key "id" in C:\xampp\htdocs\_The_Egyptian_Creativity\cart.php on line 120
[19-Jul-2025 05:09:57 Europe/Berlin] PHP Warning:  Undefined array key "added_at" in C:\xampp\htdocs\_The_Egyptian_Creativity\cart.php on line 128
[19-Jul-2025 05:09:57 Europe/Berlin] 2025-07-19 05:09:57 - Action: get_cart_success - Data: {"guest":true,"items_count":2}
[19-Jul-2025 05:10:00 Europe/Berlin] 2025-07-19 05:10:00 - Action: get_cart - Data: {"user_id":null}
[19-Jul-2025 05:10:00 Europe/Berlin] PHP Warning:  Undefined array key "id" in C:\xampp\htdocs\_The_Egyptian_Creativity\cart.php on line 120
[19-Jul-2025 05:10:00 Europe/Berlin] PHP Warning:  Undefined array key "added_at" in C:\xampp\htdocs\_The_Egyptian_Creativity\cart.php on line 128
[19-Jul-2025 05:10:00 Europe/Berlin] PHP Warning:  Undefined array key "id" in C:\xampp\htdocs\_The_Egyptian_Creativity\cart.php on line 120
[19-Jul-2025 05:10:00 Europe/Berlin] PHP Warning:  Undefined array key "added_at" in C:\xampp\htdocs\_The_Egyptian_Creativity\cart.php on line 128
[19-Jul-2025 05:10:00 Europe/Berlin] 2025-07-19 05:10:00 - Action: get_cart_success - Data: {"guest":true,"items_count":2}
[19-Jul-2025 05:10:00 Europe/Berlin] 2025-07-19 05:10:00 - Action: get_cart - Data: {"user_id":null}
[19-Jul-2025 05:10:00 Europe/Berlin] PHP Warning:  Undefined array key "id" in C:\xampp\htdocs\_The_Egyptian_Creativity\cart.php on line 120
[19-Jul-2025 05:10:00 Europe/Berlin] PHP Warning:  Undefined array key "added_at" in C:\xampp\htdocs\_The_Egyptian_Creativity\cart.php on line 128
[19-Jul-2025 05:10:00 Europe/Berlin] PHP Warning:  Undefined array key "id" in C:\xampp\htdocs\_The_Egyptian_Creativity\cart.php on line 120
[19-Jul-2025 05:10:00 Europe/Berlin] PHP Warning:  Undefined array key "added_at" in C:\xampp\htdocs\_The_Egyptian_Creativity\cart.php on line 128
[19-Jul-2025 05:10:00 Europe/Berlin] 2025-07-19 05:10:00 - Action: get_cart_success - Data: {"guest":true,"items_count":2}
[19-Jul-2025 05:12:48 Europe/Berlin] 2025-07-19 05:12:48 - Action: get_cart - Data: {"user_id":null}
[19-Jul-2025 05:12:48 Europe/Berlin] PHP Warning:  Undefined array key "id" in C:\xampp\htdocs\_The_Egyptian_Creativity\cart.php on line 120
[19-Jul-2025 05:12:48 Europe/Berlin] PHP Warning:  Undefined array key "added_at" in C:\xampp\htdocs\_The_Egyptian_Creativity\cart.php on line 128
[19-Jul-2025 05:12:48 Europe/Berlin] PHP Warning:  Undefined array key "id" in C:\xampp\htdocs\_The_Egyptian_Creativity\cart.php on line 120
[19-Jul-2025 05:12:48 Europe/Berlin] PHP Warning:  Undefined array key "added_at" in C:\xampp\htdocs\_The_Egyptian_Creativity\cart.php on line 128
[19-Jul-2025 05:12:48 Europe/Berlin] 2025-07-19 05:12:48 - Action: get_cart_success - Data: {"guest":true,"items_count":2}
[19-Jul-2025 05:12:48 Europe/Berlin] 2025-07-19 05:12:48 - Action: get_cart - Data: {"user_id":null}
[19-Jul-2025 05:12:48 Europe/Berlin] PHP Warning:  Undefined array key "id" in C:\xampp\htdocs\_The_Egyptian_Creativity\cart.php on line 120
[19-Jul-2025 05:12:48 Europe/Berlin] PHP Warning:  Undefined array key "added_at" in C:\xampp\htdocs\_The_Egyptian_Creativity\cart.php on line 128
[19-Jul-2025 05:12:48 Europe/Berlin] PHP Warning:  Undefined array key "id" in C:\xampp\htdocs\_The_Egyptian_Creativity\cart.php on line 120
[19-Jul-2025 05:12:48 Europe/Berlin] PHP Warning:  Undefined array key "added_at" in C:\xampp\htdocs\_The_Egyptian_Creativity\cart.php on line 128
[19-Jul-2025 05:12:48 Europe/Berlin] 2025-07-19 05:12:48 - Action: get_cart_success - Data: {"guest":true,"items_count":2}
[19-Jul-2025 05:18:20 Europe/Berlin] 2025-07-19 05:18:20 - Action: get_cart - Data: {"user_id":null}
[19-Jul-2025 05:18:20 Europe/Berlin] PHP Warning:  Undefined array key "id" in C:\xampp\htdocs\_The_Egyptian_Creativity\cart.php on line 120
[19-Jul-2025 05:18:20 Europe/Berlin] PHP Warning:  Undefined array key "added_at" in C:\xampp\htdocs\_The_Egyptian_Creativity\cart.php on line 128
[19-Jul-2025 05:18:20 Europe/Berlin] PHP Warning:  Undefined array key "id" in C:\xampp\htdocs\_The_Egyptian_Creativity\cart.php on line 120
[19-Jul-2025 05:18:20 Europe/Berlin] PHP Warning:  Undefined array key "added_at" in C:\xampp\htdocs\_The_Egyptian_Creativity\cart.php on line 128
[19-Jul-2025 05:18:20 Europe/Berlin] 2025-07-19 05:18:20 - Action: get_cart_success - Data: {"guest":true,"items_count":2}
[19-Jul-2025 05:18:20 Europe/Berlin] 2025-07-19 05:18:20 - Action: get_cart - Data: {"user_id":null}
[19-Jul-2025 05:18:20 Europe/Berlin] PHP Warning:  Undefined array key "id" in C:\xampp\htdocs\_The_Egyptian_Creativity\cart.php on line 120
[19-Jul-2025 05:18:20 Europe/Berlin] PHP Warning:  Undefined array key "added_at" in C:\xampp\htdocs\_The_Egyptian_Creativity\cart.php on line 128
[19-Jul-2025 05:18:20 Europe/Berlin] PHP Warning:  Undefined array key "id" in C:\xampp\htdocs\_The_Egyptian_Creativity\cart.php on line 120
[19-Jul-2025 05:18:20 Europe/Berlin] PHP Warning:  Undefined array key "added_at" in C:\xampp\htdocs\_The_Egyptian_Creativity\cart.php on line 128
[19-Jul-2025 05:18:20 Europe/Berlin] 2025-07-19 05:18:20 - Action: get_cart_success - Data: {"guest":true,"items_count":2}
[19-Jul-2025 05:28:23 Europe/Berlin] 2025-07-19 05:28:23 - Action: get_cart - Data: {"user_id":null}
[19-Jul-2025 05:28:23 Europe/Berlin] PHP Warning:  Undefined array key "id" in C:\xampp\htdocs\_The_Egyptian_Creativity\cart.php on line 120
[19-Jul-2025 05:28:23 Europe/Berlin] PHP Warning:  Undefined array key "added_at" in C:\xampp\htdocs\_The_Egyptian_Creativity\cart.php on line 128
[19-Jul-2025 05:28:23 Europe/Berlin] PHP Warning:  Undefined array key "id" in C:\xampp\htdocs\_The_Egyptian_Creativity\cart.php on line 120
[19-Jul-2025 05:28:23 Europe/Berlin] PHP Warning:  Undefined array key "added_at" in C:\xampp\htdocs\_The_Egyptian_Creativity\cart.php on line 128
[19-Jul-2025 05:28:23 Europe/Berlin] 2025-07-19 05:28:23 - Action: get_cart_success - Data: {"guest":true,"items_count":2}
[19-Jul-2025 05:28:23 Europe/Berlin] 2025-07-19 05:28:23 - Action: get_cart - Data: {"user_id":null}
[19-Jul-2025 05:28:23 Europe/Berlin] PHP Warning:  Undefined array key "id" in C:\xampp\htdocs\_The_Egyptian_Creativity\cart.php on line 120
[19-Jul-2025 05:28:23 Europe/Berlin] PHP Warning:  Undefined array key "added_at" in C:\xampp\htdocs\_The_Egyptian_Creativity\cart.php on line 128
[19-Jul-2025 05:28:23 Europe/Berlin] PHP Warning:  Undefined array key "id" in C:\xampp\htdocs\_The_Egyptian_Creativity\cart.php on line 120
[19-Jul-2025 05:28:23 Europe/Berlin] PHP Warning:  Undefined array key "added_at" in C:\xampp\htdocs\_The_Egyptian_Creativity\cart.php on line 128
[19-Jul-2025 05:28:23 Europe/Berlin] 2025-07-19 05:28:23 - Action: get_cart_success - Data: {"guest":true,"items_count":2}
