[19-Jul-2025 03:54:07 Europe/Berlin] 2025-07-19 03:54:07 - Wishlist Action: get_wishlist - Data: {"user_id":1}
[19-Jul-2025 03:54:07 Europe/Berlin] 2025-07-19 03:54:07 - Wishlist Action: get_wishlist_success - Data: {"user_id":1,"items_count":0}
[19-Jul-2025 03:54:07 Europe/Berlin] 2025-07-19 03:54:07 - Wishlist Action: get_wishlist - Data: {"user_id":1}
[19-Jul-2025 03:54:07 Europe/Berlin] 2025-07-19 03:54:07 - Wishlist Action: get_wishlist_success - Data: {"user_id":1,"items_count":0}
[19-Jul-2025 03:54:12 Europe/Berlin] 2025-07-19 03:54:12 - Wishlist Action: get_wishlist - Data: {"user_id":1}
[19-Jul-2025 03:54:12 Europe/Berlin] 2025-07-19 03:54:12 - Wishlist Action: get_wishlist_success - Data: {"user_id":1,"items_count":1}
[19-Jul-2025 03:54:12 Europe/Berlin] 2025-07-19 03:54:12 - Wishlist Action: get_wishlist - Data: {"user_id":1}
[19-Jul-2025 03:54:12 Europe/Berlin] 2025-07-19 03:54:12 - Wishlist Action: get_wishlist_success - Data: {"user_id":1,"items_count":1}
[19-Jul-2025 03:54:12 Europe/Berlin] 2025-07-19 03:54:12 - Wishlist Action: get_wishlist - Data: {"user_id":1}
[19-Jul-2025 03:54:12 Europe/Berlin] 2025-07-19 03:54:12 - Wishlist Action: get_wishlist_success - Data: {"user_id":1,"items_count":1}
[19-Jul-2025 03:54:14 Europe/Berlin] 2025-07-19 03:54:14 - Wishlist Action: get_wishlist - Data: {"user_id":1}
[19-Jul-2025 03:54:14 Europe/Berlin] 2025-07-19 03:54:14 - Wishlist Action: get_wishlist_success - Data: {"user_id":1,"items_count":1}
[19-Jul-2025 03:54:14 Europe/Berlin] 2025-07-19 03:54:14 - Wishlist Action: get_wishlist - Data: {"user_id":1}
[19-Jul-2025 03:54:14 Europe/Berlin] 2025-07-19 03:54:14 - Wishlist Action: get_wishlist_success - Data: {"user_id":1,"items_count":1}
[19-Jul-2025 03:54:14 Europe/Berlin] 2025-07-19 03:54:14 - Wishlist Action: get_wishlist - Data: {"user_id":1}
[19-Jul-2025 03:54:14 Europe/Berlin] 2025-07-19 03:54:14 - Wishlist Action: get_wishlist_success - Data: {"user_id":1,"items_count":1}
[19-Jul-2025 03:54:14 Europe/Berlin] 2025-07-19 03:54:14 - Wishlist Action: get_recommended - Data: {"user_id":1}
[19-Jul-2025 03:54:14 Europe/Berlin] 2025-07-19 03:54:14 - Wishlist Action: get_recommended_success - Data: {"items_count":8}
[19-Jul-2025 03:55:56 Europe/Berlin] 2025-07-19 03:55:56 - Wishlist Action: get_wishlist - Data: {"user_id":null}
[19-Jul-2025 03:55:56 Europe/Berlin] 2025-07-19 03:55:56 - Wishlist Action: get_wishlist_success - Data: {"guest":true,"items_count":0}
[19-Jul-2025 03:55:56 Europe/Berlin] 2025-07-19 03:55:56 - Wishlist Action: get_recommended - Data: {"user_id":null}
[19-Jul-2025 03:55:56 Europe/Berlin] 2025-07-19 03:55:56 - Wishlist Action: get_recommended_success - Data: {"items_count":8}
[19-Jul-2025 03:55:56 Europe/Berlin] 2025-07-19 03:55:56 - Wishlist Action: add_to_wishlist - Data: {"action":"add_to_wishlist","product_id":1}
[19-Jul-2025 03:55:56 Europe/Berlin] 2025-07-19 03:55:56 - Wishlist Action: add_to_wishlist_success - Data: {"guest":true,"product_id":1}
[19-Jul-2025 03:55:56 Europe/Berlin] 2025-07-19 03:55:56 - Wishlist Action: remove_from_wishlist - Data: {"action":"remove_from_wishlist","product_id":1}
[19-Jul-2025 03:55:56 Europe/Berlin] 2025-07-19 03:55:56 - Wishlist Action: remove_from_wishlist_not_found - Data: {"guest":true,"product_id":1}
[19-Jul-2025 03:55:56 Europe/Berlin] 2025-07-19 03:55:56 - Wishlist Action: get_wishlist - Data: {"user_id":null}
[19-Jul-2025 03:55:56 Europe/Berlin] 2025-07-19 03:55:56 - Wishlist Action: get_wishlist_success - Data: {"guest":true,"items_count":0}
[19-Jul-2025 03:56:05 Europe/Berlin] 2025-07-19 03:56:05 - Wishlist Action: get_wishlist - Data: {"user_id":1}
[19-Jul-2025 03:56:05 Europe/Berlin] 2025-07-19 03:56:05 - Wishlist Action: get_wishlist_success - Data: {"user_id":1,"items_count":1}
[19-Jul-2025 03:56:05 Europe/Berlin] 2025-07-19 03:56:05 - Wishlist Action: get_wishlist - Data: {"user_id":1}
[19-Jul-2025 03:56:05 Europe/Berlin] 2025-07-19 03:56:05 - Wishlist Action: get_wishlist_success - Data: {"user_id":1,"items_count":1}
[19-Jul-2025 03:56:05 Europe/Berlin] 2025-07-19 03:56:05 - Wishlist Action: get_wishlist - Data: {"user_id":1}
[19-Jul-2025 03:56:05 Europe/Berlin] 2025-07-19 03:56:05 - Wishlist Action: get_wishlist_success - Data: {"user_id":1,"items_count":1}
[19-Jul-2025 03:56:05 Europe/Berlin] 2025-07-19 03:56:05 - Wishlist Action: get_recommended - Data: {"user_id":1}
[19-Jul-2025 03:56:05 Europe/Berlin] 2025-07-19 03:56:05 - Wishlist Action: get_recommended_success - Data: {"items_count":8}
[19-Jul-2025 03:56:07 Europe/Berlin] 2025-07-19 03:56:07 - Wishlist Action: remove_from_wishlist - Data: {"action":"remove_from_wishlist","product_id":13}
[19-Jul-2025 03:56:07 Europe/Berlin] 2025-07-19 03:56:07 - Wishlist Action: remove_from_wishlist_success - Data: {"user_id":1,"product_id":13}
[19-Jul-2025 03:56:15 Europe/Berlin] 2025-07-19 03:56:15 - Wishlist Action: add_to_wishlist - Data: {"action":"add_to_wishlist","product_id":5}
[19-Jul-2025 03:56:15 Europe/Berlin] 2025-07-19 03:56:15 - Wishlist Action: add_to_wishlist_success - Data: {"user_id":1,"product_id":5}
[19-Jul-2025 03:59:14 Europe/Berlin] 2025-07-19 03:59:14 - Wishlist Action: get_wishlist - Data: {"user_id":1}
[19-Jul-2025 03:59:14 Europe/Berlin] 2025-07-19 03:59:14 - Wishlist Action: get_wishlist_success - Data: {"user_id":1,"items_count":1}
[19-Jul-2025 03:59:14 Europe/Berlin] 2025-07-19 03:59:14 - Wishlist Action: get_wishlist - Data: {"user_id":1}
[19-Jul-2025 03:59:14 Europe/Berlin] 2025-07-19 03:59:14 - Wishlist Action: get_wishlist_success - Data: {"user_id":1,"items_count":1}
[19-Jul-2025 03:59:14 Europe/Berlin] 2025-07-19 03:59:14 - Wishlist Action: get_wishlist - Data: {"user_id":1}
[19-Jul-2025 03:59:14 Europe/Berlin] 2025-07-19 03:59:14 - Wishlist Action: get_wishlist_success - Data: {"user_id":1,"items_count":1}
[19-Jul-2025 03:59:19 Europe/Berlin] 2025-07-19 03:59:19 - Wishlist Action: get_wishlist - Data: {"user_id":1}
[19-Jul-2025 03:59:19 Europe/Berlin] 2025-07-19 03:59:19 - Wishlist Action: get_wishlist_success - Data: {"user_id":1,"items_count":1}
[19-Jul-2025 03:59:56 Europe/Berlin] 2025-07-19 03:59:56 - Wishlist Action: get_wishlist - Data: {"user_id":1}
[19-Jul-2025 03:59:56 Europe/Berlin] 2025-07-19 03:59:56 - Wishlist Action: get_wishlist_success - Data: {"user_id":1,"items_count":1}
[19-Jul-2025 03:59:56 Europe/Berlin] 2025-07-19 03:59:56 - Wishlist Action: get_wishlist - Data: {"user_id":1}
[19-Jul-2025 03:59:56 Europe/Berlin] 2025-07-19 03:59:56 - Wishlist Action: get_wishlist_success - Data: {"user_id":1,"items_count":1}
[19-Jul-2025 04:00:05 Europe/Berlin] 2025-07-19 04:00:05 - Wishlist Action: get_wishlist - Data: {"user_id":1}
[19-Jul-2025 04:00:05 Europe/Berlin] 2025-07-19 04:00:05 - Wishlist Action: get_wishlist_success - Data: {"user_id":1,"items_count":1}
[19-Jul-2025 04:00:05 Europe/Berlin] 2025-07-19 04:00:05 - Wishlist Action: get_wishlist - Data: {"user_id":1}
[19-Jul-2025 04:00:05 Europe/Berlin] 2025-07-19 04:00:05 - Wishlist Action: get_wishlist_success - Data: {"user_id":1,"items_count":1}
[19-Jul-2025 04:07:38 Europe/Berlin] 2025-07-19 04:07:38 - Wishlist Action: get_wishlist - Data: {"user_id":1}
[19-Jul-2025 04:07:38 Europe/Berlin] 2025-07-19 04:07:38 - Wishlist Action: get_wishlist_success - Data: {"user_id":1,"items_count":1}
[19-Jul-2025 04:07:38 Europe/Berlin] 2025-07-19 04:07:38 - Wishlist Action: get_wishlist - Data: {"user_id":1}
[19-Jul-2025 04:07:38 Europe/Berlin] 2025-07-19 04:07:38 - Wishlist Action: get_wishlist_success - Data: {"user_id":1,"items_count":1}
[19-Jul-2025 04:07:40 Europe/Berlin] 2025-07-19 04:07:40 - Wishlist Action: get_wishlist - Data: {"user_id":1}
[19-Jul-2025 04:07:40 Europe/Berlin] 2025-07-19 04:07:40 - Wishlist Action: get_wishlist_success - Data: {"user_id":1,"items_count":1}
[19-Jul-2025 04:07:40 Europe/Berlin] 2025-07-19 04:07:40 - Wishlist Action: get_wishlist - Data: {"user_id":1}
[19-Jul-2025 04:07:40 Europe/Berlin] 2025-07-19 04:07:40 - Wishlist Action: get_wishlist_success - Data: {"user_id":1,"items_count":1}
[19-Jul-2025 04:07:44 Europe/Berlin] 2025-07-19 04:07:44 - Wishlist Action: get_wishlist - Data: {"user_id":1}
[19-Jul-2025 04:07:44 Europe/Berlin] 2025-07-19 04:07:44 - Wishlist Action: get_wishlist_success - Data: {"user_id":1,"items_count":1}
[19-Jul-2025 04:07:44 Europe/Berlin] 2025-07-19 04:07:44 - Wishlist Action: get_wishlist - Data: {"user_id":1}
[19-Jul-2025 04:07:44 Europe/Berlin] 2025-07-19 04:07:44 - Wishlist Action: get_wishlist_success - Data: {"user_id":1,"items_count":1}
[19-Jul-2025 04:15:34 Europe/Berlin] 2025-07-19 04:15:34 - Wishlist Action: get_wishlist - Data: {"user_id":1}
[19-Jul-2025 04:15:34 Europe/Berlin] 2025-07-19 04:15:34 - Wishlist Action: get_wishlist_success - Data: {"user_id":1,"items_count":1}
[19-Jul-2025 04:15:34 Europe/Berlin] 2025-07-19 04:15:34 - Wishlist Action: get_wishlist - Data: {"user_id":1}
[19-Jul-2025 04:15:34 Europe/Berlin] 2025-07-19 04:15:34 - Wishlist Action: get_wishlist_success - Data: {"user_id":1,"items_count":1}
[19-Jul-2025 04:15:41 Europe/Berlin] 2025-07-19 04:15:41 - Wishlist Action: get_wishlist - Data: {"user_id":1}
[19-Jul-2025 04:15:41 Europe/Berlin] 2025-07-19 04:15:41 - Wishlist Action: get_wishlist_success - Data: {"user_id":1,"items_count":1}
[19-Jul-2025 04:15:41 Europe/Berlin] 2025-07-19 04:15:41 - Wishlist Action: get_wishlist - Data: {"user_id":1}
[19-Jul-2025 04:15:41 Europe/Berlin] 2025-07-19 04:15:41 - Wishlist Action: get_wishlist_success - Data: {"user_id":1,"items_count":1}
[19-Jul-2025 04:17:25 Europe/Berlin] 2025-07-19 04:17:25 - Wishlist Action: get_wishlist - Data: {"user_id":1}
[19-Jul-2025 04:17:25 Europe/Berlin] 2025-07-19 04:17:25 - Wishlist Action: get_wishlist_success - Data: {"user_id":1,"items_count":1}
[19-Jul-2025 04:17:25 Europe/Berlin] 2025-07-19 04:17:25 - Wishlist Action: get_wishlist - Data: {"user_id":1}
[19-Jul-2025 04:17:25 Europe/Berlin] 2025-07-19 04:17:25 - Wishlist Action: get_wishlist_success - Data: {"user_id":1,"items_count":1}
[19-Jul-2025 04:17:33 Europe/Berlin] 2025-07-19 04:17:33 - Wishlist Action: get_wishlist - Data: {"user_id":1}
[19-Jul-2025 04:17:33 Europe/Berlin] 2025-07-19 04:17:33 - Wishlist Action: get_wishlist_success - Data: {"user_id":1,"items_count":1}
[19-Jul-2025 04:17:33 Europe/Berlin] 2025-07-19 04:17:33 - Wishlist Action: get_wishlist - Data: {"user_id":1}
[19-Jul-2025 04:17:33 Europe/Berlin] 2025-07-19 04:17:33 - Wishlist Action: get_wishlist_success - Data: {"user_id":1,"items_count":1}
[19-Jul-2025 04:20:30 Europe/Berlin] 2025-07-19 04:20:30 - Wishlist Action: get_wishlist - Data: {"user_id":1}
[19-Jul-2025 04:20:30 Europe/Berlin] 2025-07-19 04:20:30 - Wishlist Action: get_wishlist_success - Data: {"user_id":1,"items_count":1}
[19-Jul-2025 04:20:30 Europe/Berlin] 2025-07-19 04:20:30 - Wishlist Action: get_wishlist - Data: {"user_id":1}
[19-Jul-2025 04:20:30 Europe/Berlin] 2025-07-19 04:20:30 - Wishlist Action: get_wishlist_success - Data: {"user_id":1,"items_count":1}
[19-Jul-2025 04:23:42 Europe/Berlin] 2025-07-19 04:23:42 - Wishlist Action: get_wishlist - Data: {"user_id":1}
[19-Jul-2025 04:23:42 Europe/Berlin] 2025-07-19 04:23:42 - Wishlist Action: get_wishlist_success - Data: {"user_id":1,"items_count":1}
[19-Jul-2025 04:23:42 Europe/Berlin] 2025-07-19 04:23:42 - Wishlist Action: get_wishlist - Data: {"user_id":1}
[19-Jul-2025 04:23:42 Europe/Berlin] 2025-07-19 04:23:42 - Wishlist Action: get_wishlist_success - Data: {"user_id":1,"items_count":1}
[19-Jul-2025 04:23:54 Europe/Berlin] 2025-07-19 04:23:54 - Wishlist Action: get_wishlist - Data: {"user_id":1}
[19-Jul-2025 04:23:54 Europe/Berlin] 2025-07-19 04:23:54 - Wishlist Action: get_wishlist_success - Data: {"user_id":1,"items_count":1}
[19-Jul-2025 04:23:54 Europe/Berlin] 2025-07-19 04:23:54 - Wishlist Action: get_wishlist - Data: {"user_id":1}
[19-Jul-2025 04:23:54 Europe/Berlin] 2025-07-19 04:23:54 - Wishlist Action: get_wishlist_success - Data: {"user_id":1,"items_count":1}
[19-Jul-2025 04:23:56 Europe/Berlin] 2025-07-19 04:23:56 - Wishlist Action: get_wishlist - Data: {"user_id":1}
[19-Jul-2025 04:23:56 Europe/Berlin] 2025-07-19 04:23:56 - Wishlist Action: get_wishlist_success - Data: {"user_id":1,"items_count":1}
[19-Jul-2025 04:23:56 Europe/Berlin] 2025-07-19 04:23:56 - Wishlist Action: get_wishlist - Data: {"user_id":1}
[19-Jul-2025 04:23:56 Europe/Berlin] 2025-07-19 04:23:56 - Wishlist Action: get_wishlist_success - Data: {"user_id":1,"items_count":1}
[19-Jul-2025 04:23:59 Europe/Berlin] 2025-07-19 04:23:59 - Wishlist Action: get_wishlist - Data: {"user_id":1}
[19-Jul-2025 04:23:59 Europe/Berlin] 2025-07-19 04:23:59 - Wishlist Action: get_wishlist_success - Data: {"user_id":1,"items_count":1}
[19-Jul-2025 04:23:59 Europe/Berlin] 2025-07-19 04:23:59 - Wishlist Action: get_wishlist - Data: {"user_id":1}
[19-Jul-2025 04:23:59 Europe/Berlin] 2025-07-19 04:23:59 - Wishlist Action: get_wishlist_success - Data: {"user_id":1,"items_count":1}
[19-Jul-2025 04:58:16 Europe/Berlin] 2025-07-19 04:58:16 - Wishlist Action: get_wishlist - Data: {"user_id":1}
[19-Jul-2025 04:58:16 Europe/Berlin] 2025-07-19 04:58:16 - Wishlist Action: get_wishlist_success - Data: {"user_id":1,"items_count":1}
[19-Jul-2025 04:58:16 Europe/Berlin] 2025-07-19 04:58:16 - Wishlist Action: get_wishlist - Data: {"user_id":1}
[19-Jul-2025 04:58:16 Europe/Berlin] 2025-07-19 04:58:16 - Wishlist Action: get_wishlist_success - Data: {"user_id":1,"items_count":1}
[19-Jul-2025 04:58:20 Europe/Berlin] 2025-07-19 04:58:20 - Wishlist Action: get_wishlist - Data: {"user_id":1}
[19-Jul-2025 04:58:20 Europe/Berlin] 2025-07-19 04:58:20 - Wishlist Action: get_wishlist_success - Data: {"user_id":1,"items_count":1}
[19-Jul-2025 04:58:20 Europe/Berlin] 2025-07-19 04:58:20 - Wishlist Action: get_wishlist - Data: {"user_id":1}
[19-Jul-2025 04:58:20 Europe/Berlin] 2025-07-19 04:58:20 - Wishlist Action: get_wishlist_success - Data: {"user_id":1,"items_count":1}
[19-Jul-2025 04:58:22 Europe/Berlin] 2025-07-19 04:58:22 - Wishlist Action: get_wishlist - Data: {"user_id":1}
[19-Jul-2025 04:58:22 Europe/Berlin] 2025-07-19 04:58:22 - Wishlist Action: get_wishlist_success - Data: {"user_id":1,"items_count":1}
[19-Jul-2025 04:58:22 Europe/Berlin] 2025-07-19 04:58:22 - Wishlist Action: get_wishlist - Data: {"user_id":1}
[19-Jul-2025 04:58:22 Europe/Berlin] 2025-07-19 04:58:22 - Wishlist Action: get_wishlist_success - Data: {"user_id":1,"items_count":1}
[19-Jul-2025 04:58:46 Europe/Berlin] 2025-07-19 04:58:46 - Wishlist Action: get_wishlist - Data: {"user_id":1}
[19-Jul-2025 04:58:46 Europe/Berlin] 2025-07-19 04:58:46 - Wishlist Action: get_wishlist_success - Data: {"user_id":1,"items_count":1}
[19-Jul-2025 04:58:46 Europe/Berlin] 2025-07-19 04:58:46 - Wishlist Action: get_wishlist - Data: {"user_id":1}
[19-Jul-2025 04:58:46 Europe/Berlin] 2025-07-19 04:58:46 - Wishlist Action: get_wishlist_success - Data: {"user_id":1,"items_count":1}
[19-Jul-2025 04:59:56 Europe/Berlin] 2025-07-19 04:59:56 - Wishlist Action: get_wishlist - Data: {"user_id":1}
[19-Jul-2025 04:59:56 Europe/Berlin] 2025-07-19 04:59:56 - Wishlist Action: get_wishlist_success - Data: {"user_id":1,"items_count":1}
[19-Jul-2025 04:59:56 Europe/Berlin] 2025-07-19 04:59:56 - Wishlist Action: get_wishlist - Data: {"user_id":1}
[19-Jul-2025 04:59:56 Europe/Berlin] 2025-07-19 04:59:56 - Wishlist Action: get_wishlist_success - Data: {"user_id":1,"items_count":1}
[19-Jul-2025 04:59:57 Europe/Berlin] 2025-07-19 04:59:57 - Wishlist Action: get_wishlist - Data: {"user_id":1}
[19-Jul-2025 04:59:57 Europe/Berlin] 2025-07-19 04:59:57 - Wishlist Action: get_wishlist_success - Data: {"user_id":1,"items_count":1}
[19-Jul-2025 04:59:57 Europe/Berlin] 2025-07-19 04:59:57 - Wishlist Action: get_wishlist - Data: {"user_id":1}
[19-Jul-2025 04:59:57 Europe/Berlin] 2025-07-19 04:59:57 - Wishlist Action: get_wishlist_success - Data: {"user_id":1,"items_count":1}
[19-Jul-2025 05:08:38 Europe/Berlin] 2025-07-19 05:08:38 - Wishlist Action: get_wishlist - Data: {"user_id":null}
[19-Jul-2025 05:08:38 Europe/Berlin] 2025-07-19 05:08:38 - Wishlist Action: get_wishlist_success - Data: {"guest":true,"items_count":0}
[19-Jul-2025 05:08:38 Europe/Berlin] 2025-07-19 05:08:38 - Wishlist Action: get_wishlist - Data: {"user_id":null}
[19-Jul-2025 05:08:38 Europe/Berlin] 2025-07-19 05:08:38 - Wishlist Action: get_wishlist_success - Data: {"guest":true,"items_count":0}
[19-Jul-2025 05:08:43 Europe/Berlin] 2025-07-19 05:08:43 - Wishlist Action: get_wishlist - Data: {"user_id":null}
[19-Jul-2025 05:08:43 Europe/Berlin] 2025-07-19 05:08:43 - Wishlist Action: get_wishlist_success - Data: {"guest":true,"items_count":0}
[19-Jul-2025 05:08:43 Europe/Berlin] 2025-07-19 05:08:43 - Wishlist Action: get_wishlist - Data: {"user_id":null}
[19-Jul-2025 05:08:43 Europe/Berlin] 2025-07-19 05:08:43 - Wishlist Action: get_wishlist_success - Data: {"guest":true,"items_count":0}
[19-Jul-2025 05:08:44 Europe/Berlin] 2025-07-19 05:08:44 - Wishlist Action: get_wishlist - Data: {"user_id":null}
[19-Jul-2025 05:08:44 Europe/Berlin] 2025-07-19 05:08:44 - Wishlist Action: get_wishlist_success - Data: {"guest":true,"items_count":0}
[19-Jul-2025 05:08:44 Europe/Berlin] 2025-07-19 05:08:44 - Wishlist Action: get_wishlist - Data: {"user_id":null}
[19-Jul-2025 05:08:44 Europe/Berlin] 2025-07-19 05:08:44 - Wishlist Action: get_wishlist_success - Data: {"guest":true,"items_count":0}
[19-Jul-2025 05:08:48 Europe/Berlin] 2025-07-19 05:08:48 - Wishlist Action: get_wishlist - Data: {"user_id":null}
[19-Jul-2025 05:08:48 Europe/Berlin] 2025-07-19 05:08:48 - Wishlist Action: get_wishlist_success - Data: {"guest":true,"items_count":0}
[19-Jul-2025 05:08:48 Europe/Berlin] 2025-07-19 05:08:48 - Wishlist Action: get_wishlist - Data: {"user_id":null}
[19-Jul-2025 05:08:48 Europe/Berlin] 2025-07-19 05:08:48 - Wishlist Action: get_wishlist_success - Data: {"guest":true,"items_count":0}
[19-Jul-2025 05:08:56 Europe/Berlin] 2025-07-19 05:08:56 - Wishlist Action: get_wishlist - Data: {"user_id":null}
[19-Jul-2025 05:08:56 Europe/Berlin] 2025-07-19 05:08:56 - Wishlist Action: get_wishlist_success - Data: {"guest":true,"items_count":1}
[19-Jul-2025 05:08:56 Europe/Berlin] 2025-07-19 05:08:56 - Wishlist Action: get_wishlist - Data: {"user_id":null}
[19-Jul-2025 05:08:56 Europe/Berlin] 2025-07-19 05:08:56 - Wishlist Action: get_wishlist_success - Data: {"guest":true,"items_count":1}
[19-Jul-2025 05:08:56 Europe/Berlin] 2025-07-19 05:08:56 - Wishlist Action: get_wishlist - Data: {"user_id":null}
[19-Jul-2025 05:08:56 Europe/Berlin] 2025-07-19 05:08:56 - Wishlist Action: get_wishlist_success - Data: {"guest":true,"items_count":1}
[19-Jul-2025 05:09:08 Europe/Berlin] 2025-07-19 05:09:08 - Wishlist Action: get_wishlist - Data: {"user_id":null}
[19-Jul-2025 05:09:08 Europe/Berlin] 2025-07-19 05:09:08 - Wishlist Action: get_wishlist_success - Data: {"guest":true,"items_count":1}
[19-Jul-2025 05:09:08 Europe/Berlin] 2025-07-19 05:09:08 - Wishlist Action: get_wishlist - Data: {"user_id":null}
[19-Jul-2025 05:09:08 Europe/Berlin] 2025-07-19 05:09:08 - Wishlist Action: get_wishlist_success - Data: {"guest":true,"items_count":1}
[19-Jul-2025 05:09:10 Europe/Berlin] 2025-07-19 05:09:10 - Wishlist Action: get_wishlist - Data: {"user_id":null}
[19-Jul-2025 05:09:10 Europe/Berlin] 2025-07-19 05:09:10 - Wishlist Action: get_wishlist_success - Data: {"guest":true,"items_count":1}
[19-Jul-2025 05:09:10 Europe/Berlin] 2025-07-19 05:09:10 - Wishlist Action: get_wishlist - Data: {"user_id":null}
[19-Jul-2025 05:09:10 Europe/Berlin] 2025-07-19 05:09:10 - Wishlist Action: get_wishlist_success - Data: {"guest":true,"items_count":1}
[19-Jul-2025 05:09:38 Europe/Berlin] 2025-07-19 05:09:38 - Wishlist Action: get_wishlist - Data: {"user_id":null}
[19-Jul-2025 05:09:38 Europe/Berlin] 2025-07-19 05:09:38 - Wishlist Action: get_wishlist_success - Data: {"guest":true,"items_count":1}
[19-Jul-2025 05:09:38 Europe/Berlin] 2025-07-19 05:09:38 - Wishlist Action: get_wishlist - Data: {"user_id":null}
[19-Jul-2025 05:09:38 Europe/Berlin] 2025-07-19 05:09:38 - Wishlist Action: get_wishlist_success - Data: {"guest":true,"items_count":1}
[19-Jul-2025 05:09:43 Europe/Berlin] 2025-07-19 05:09:43 - Wishlist Action: get_wishlist - Data: {"user_id":null}
[19-Jul-2025 05:09:43 Europe/Berlin] 2025-07-19 05:09:43 - Wishlist Action: get_wishlist_success - Data: {"guest":true,"items_count":1}
[19-Jul-2025 05:09:43 Europe/Berlin] 2025-07-19 05:09:43 - Wishlist Action: get_wishlist - Data: {"user_id":null}
[19-Jul-2025 05:09:43 Europe/Berlin] 2025-07-19 05:09:43 - Wishlist Action: get_wishlist_success - Data: {"guest":true,"items_count":1}
[19-Jul-2025 05:09:46 Europe/Berlin] 2025-07-19 05:09:46 - Wishlist Action: get_wishlist - Data: {"user_id":null}
[19-Jul-2025 05:09:46 Europe/Berlin] 2025-07-19 05:09:46 - Wishlist Action: get_wishlist_success - Data: {"guest":true,"items_count":1}
[19-Jul-2025 05:09:46 Europe/Berlin] 2025-07-19 05:09:46 - Wishlist Action: get_wishlist - Data: {"user_id":null}
[19-Jul-2025 05:09:46 Europe/Berlin] 2025-07-19 05:09:46 - Wishlist Action: get_wishlist_success - Data: {"guest":true,"items_count":1}
[19-Jul-2025 05:09:52 Europe/Berlin] 2025-07-19 05:09:52 - Wishlist Action: get_wishlist - Data: {"user_id":null}
[19-Jul-2025 05:09:52 Europe/Berlin] 2025-07-19 05:09:52 - Wishlist Action: get_wishlist_success - Data: {"guest":true,"items_count":1}
[19-Jul-2025 05:09:52 Europe/Berlin] 2025-07-19 05:09:52 - Wishlist Action: get_wishlist - Data: {"user_id":null}
[19-Jul-2025 05:09:52 Europe/Berlin] 2025-07-19 05:09:52 - Wishlist Action: get_wishlist_success - Data: {"guest":true,"items_count":1}
[19-Jul-2025 05:09:52 Europe/Berlin] 2025-07-19 05:09:52 - Wishlist Action: get_wishlist - Data: {"user_id":null}
[19-Jul-2025 05:09:52 Europe/Berlin] 2025-07-19 05:09:52 - Wishlist Action: get_wishlist_success - Data: {"guest":true,"items_count":1}
[19-Jul-2025 05:09:53 Europe/Berlin] 2025-07-19 05:09:53 - Wishlist Action: get_wishlist - Data: {"user_id":null}
[19-Jul-2025 05:09:53 Europe/Berlin] 2025-07-19 05:09:53 - Wishlist Action: get_wishlist_success - Data: {"guest":true,"items_count":1}
[19-Jul-2025 05:09:53 Europe/Berlin] 2025-07-19 05:09:53 - Wishlist Action: get_wishlist - Data: {"user_id":null}
[19-Jul-2025 05:09:53 Europe/Berlin] 2025-07-19 05:09:53 - Wishlist Action: get_wishlist_success - Data: {"guest":true,"items_count":1}
[19-Jul-2025 05:09:53 Europe/Berlin] 2025-07-19 05:09:53 - Wishlist Action: get_wishlist - Data: {"user_id":null}
[19-Jul-2025 05:09:53 Europe/Berlin] 2025-07-19 05:09:53 - Wishlist Action: get_wishlist_success - Data: {"guest":true,"items_count":1}
[19-Jul-2025 05:09:53 Europe/Berlin] 2025-07-19 05:09:53 - Wishlist Action: get_recommended - Data: {"user_id":null}
[19-Jul-2025 05:09:53 Europe/Berlin] 2025-07-19 05:09:53 - Wishlist Action: get_recommended_success - Data: {"items_count":8}
[19-Jul-2025 05:10:00 Europe/Berlin] 2025-07-19 05:10:00 - Wishlist Action: get_wishlist - Data: {"user_id":null}
[19-Jul-2025 05:10:00 Europe/Berlin] 2025-07-19 05:10:00 - Wishlist Action: get_wishlist_success - Data: {"guest":true,"items_count":1}
[19-Jul-2025 05:10:00 Europe/Berlin] 2025-07-19 05:10:00 - Wishlist Action: get_wishlist - Data: {"user_id":null}
[19-Jul-2025 05:10:00 Europe/Berlin] 2025-07-19 05:10:00 - Wishlist Action: get_wishlist_success - Data: {"guest":true,"items_count":1}
[19-Jul-2025 05:12:48 Europe/Berlin] 2025-07-19 05:12:48 - Wishlist Action: get_wishlist - Data: {"user_id":null}
[19-Jul-2025 05:12:48 Europe/Berlin] 2025-07-19 05:12:48 - Wishlist Action: get_wishlist_success - Data: {"guest":true,"items_count":1}
[19-Jul-2025 05:12:48 Europe/Berlin] 2025-07-19 05:12:48 - Wishlist Action: get_wishlist - Data: {"user_id":null}
[19-Jul-2025 05:12:48 Europe/Berlin] 2025-07-19 05:12:48 - Wishlist Action: get_wishlist_success - Data: {"guest":true,"items_count":1}
[19-Jul-2025 05:18:20 Europe/Berlin] 2025-07-19 05:18:20 - Wishlist Action: get_wishlist - Data: {"user_id":null}
[19-Jul-2025 05:18:20 Europe/Berlin] 2025-07-19 05:18:20 - Wishlist Action: get_wishlist_success - Data: {"guest":true,"items_count":1}
[19-Jul-2025 05:18:20 Europe/Berlin] 2025-07-19 05:18:20 - Wishlist Action: get_wishlist - Data: {"user_id":null}
[19-Jul-2025 05:18:20 Europe/Berlin] 2025-07-19 05:18:20 - Wishlist Action: get_wishlist_success - Data: {"guest":true,"items_count":1}
[19-Jul-2025 05:28:23 Europe/Berlin] 2025-07-19 05:28:23 - Wishlist Action: get_wishlist - Data: {"user_id":null}
[19-Jul-2025 05:28:23 Europe/Berlin] 2025-07-19 05:28:23 - Wishlist Action: get_wishlist_success - Data: {"guest":true,"items_count":1}
[19-Jul-2025 05:28:23 Europe/Berlin] 2025-07-19 05:28:23 - Wishlist Action: get_wishlist - Data: {"user_id":null}
[19-Jul-2025 05:28:23 Europe/Berlin] 2025-07-19 05:28:23 - Wishlist Action: get_wishlist_success - Data: {"guest":true,"items_count":1}
